<?xml version="1.0" encoding="UTF-8"?>
<testsuite name="com.example.testapplicationidt.domain.usecase.CreateTableUseCaseTest" tests="1" skipped="0" failures="0" errors="0" timestamp="2026-07-03T12:49:11.370Z" hostname="MacBook-Air-Ivan.local" time="0.006">
  <properties/>
  <testcase name="invoke_delegatesToRepository" classname="com.example.testapplicationidt.domain.usecase.CreateTableUseCaseTest" time="0.006"/>
  <system-out><![CDATA[]]></system-out>
  <system-err><![CDATA[]]></system-err>
</testsuite>
